
C:\Users\Lourens\Desktop\NeuropForge>neurop-forge test
Running block compatibility tests...

======================================================================
  NEUROP FORGE - BLOCK COMPATIBILITY REPORT
======================================================================

[SUMMARY]
----------------------------------------
  Total Blocks Tested: 2060
  Passed:              1871
  Failed:              189
  Warnings:            2323
  Pass Rate:           90.8%

[DUPLICATE BLOCK NAMES - ACTION REQUIRED]
----------------------------------------
  These blocks share names but have different signatures.
  This causes unpredictable behavior when calling by name.

  'convert_currency' has 2 variants:
    - 00121e83aaa8...
      params: ['amount:float', 'rate:float']
      source: money_utilities.py
    - 5e8bc3dead00...
      params: ['amount:float', 'exchange_rate:float']
      source: financial_utilities.py

  'mask_email' has 4 variants:
    - 00b23688e283...
      params: ['email:string']
      source: security_utilities.py
    - 3a36284d1e8e...
      params: ['email:string']
      source: data_masking.py
    - 3f587abc955e...
      params: ['email:string']
      source: security_patterns.py

  'remove_suffix' has 3 variants:
    - 00c932473d0e...
      params: ['slug:string', 'suffix:string', 'separator:string']
      source: slug_helpers.py
    - 4f2ac729bffb...
      params: ['text:string', 'suffix:string']
      source: string_operations.py
    - 6991f23c0503...
      params: ['text:string', 'suffix:string']
      source: string_patterns.py

  'format_date_eu' has 2 variants:
    - 014eb00a1afe...
      params: ['year:integer', 'month:integer', 'day:integer']
      source: datetime_utilities.py
    - b9e4e5b14a16...
      params: ['day:integer', 'month:integer', 'year:integer']
      source: date_formatting.py

  'sample' has 2 variants:
    - 0178f6454c55...
      params: ['items:list', 'k:integer', 'seed:integer']
      source: sampling_utilities.py
    - 1b2f35fc4fd7...
      params: ['arr:list', 'n:integer', 'seed:integer']
      source: array_algorithms.py

  'days_in_month' has 2 variants:
    - 0181db2e797c...
      params: ['year:integer', 'month:integer']
      source: datetime_math.py
    - 5f6c638e2717...
      params: ['year:integer', 'month:integer']
      source: datetime_utilities.py

  'count_true' has 2 variants:
    - 01beb9975da7...
      params: ['values:list']
      source: comparison_logic.py
    - 5c82baccad32...
      params: ['values:list']
      source: boolean_utilities.py

  'get_jwt_subject' has 2 variants:
    - 01ce2d0602b2...
      params: ['token:string']
      source: auth_patterns.py
    - b05dfa8be6eb...
      params: ['token:string']
      source: cryptography_helpers.py

  'build_content_type_header' has 2 variants:
    - 01e04e5b6107...
      params: ['media_type:string', 'charset:string', 'params:dict']
      source: api_patterns.py
    - 46c239a7d3c6...
      params: ['mime_type:string', 'charset:string']
      source: http_utilities.py

  'base64_url_decode' has 3 variants:
    - 022b4638e8f5...
      params: ['encoded:string']
      source: encoding_utilities.py
    - 29d45b4557f1...
      params: ['encoded:string']
      source: crypto_primitives.py
    - a26825f879dd...
      params: ['encoded:string']
      source: encoding_schemes.py

  'calculate_order_total' has 2 variants:
    - 02a3be526429...
      params: ['subtotal:float', 'discount:float', 'tax:float', 'shipping:float']
      source: ecommerce_patterns.py
    - 7967bc3c7afe...
      params: ['subtotal:float', 'tax:float', 'shipping:float', 'discount:float']
      source: order_utilities.py

  'extract_links' has 3 variants:
    - 02ab4c232f14...
      params: ['html:string']
      source: html_utilities.py
    - 11ff374636e0...
      params: ['markdown:string']
      source: markdown_utilities.py
    - 43b89d82d917...
      params: ['text:string']
      source: document_utilities.py

  'is_valid_phone_length' has 2 variants:
    - 031041710812...
      params: ['phone:string', 'min_length:integer', 'max_length:integer']
      source: phone_utilities.py
    - 1bb82e2626d9...
      params: ['phone:string', 'min_len:integer', 'max_len:integer']
      source: phone_patterns.py

  'mask_credit_card' has 2 variants:
    - 031c3a992f4c...
      params: ['number:string']
      source: formatting_utilities.py
    - 9a8137bb9906...
      params: ['number:string']
      source: security_patterns.py

  'get_mime_type' has 3 variants:
    - 0320ec555b01...
      params: ['extension:string']
      source: file_utilities.py
    - 4920d56f1ac2...
      params: ['extension:string']
      source: mime_utilities.py
    - ea35934de7b4...
      params: ['extension:string']
      source: http_utilities.py

  ... and 345 more duplicates

[EXECUTION FAILURES]
----------------------------------------
  match_first: Execution failed: name 're' is not defined
  to_snakecase: Execution failed: name 're' is not defined
  create_literal_pattern: Execution failed: name 're' is not defined
  extract_code_blocks: Execution failed: name 're' is not defined
  parse_expiry: Execution failed: name 're' is not defined
  degrees_to_radians: Execution failed: name 'math' is not defined
  get_word_frequency: Execution failed: name 're' is not defined
  apply_full_jitter: Execution failed: name 'hashlib' is not defined
  generate_weak_etag: Execution failed: name 'hashlib' is not defined
  sanitize_string: Execution failed: name 're' is not defined
  ... and 179 more

[FAILED BLOCKS]
----------------------------------------
  match_first:
    - Execution failed: name 're' is not defined
  to_snakecase:
    - Execution failed: name 're' is not defined
  create_literal_pattern:
    - Execution failed: name 're' is not defined
  extract_code_blocks:
    - Execution failed: name 're' is not defined
  parse_expiry:
    - Execution failed: name 're' is not defined
  degrees_to_radians:
    - Execution failed: name 'math' is not defined
  get_word_frequency:
    - Execution failed: name 're' is not defined
  apply_full_jitter:
    - Execution failed: name 'hashlib' is not defined
  generate_weak_etag:
    - Execution failed: name 'hashlib' is not defined
  sanitize_string:
    - Execution failed: name 're' is not defined
  normalize_slug:
    - Execution failed: name 're' is not defined
  is_only_digits:
    - Execution failed: name 're' is not defined
  match_all:
    - Execution failed: name 're' is not defined
  slugify_preserve_unicode:
    - Execution failed: name 're' is not defined
  is_valid_url:
    - Execution failed: name 're' is not defined
  generate_etag:
    - Execution failed: name 'hashlib' is not defined
  normalize_slug:
    - Execution failed: name 're' is not defined
  strip_html:
    - Execution failed: name 're' is not defined
  slugify:
    - Execution failed: name 're' is not defined
  sanitize_regex:
    - Execution failed: name 're' is not defined

======================================================================
  TEST COMPLETE: 1871/2060 PASSED
======================================================================
